{"devicePlatform":"","logFolder":"/Users/frederic_hesse/Documents/SwissQ/Tools/Katalon/Tutorial/Reports/First_Suite/20180301_160126","runData":{"hostName":"frederic_hesse - frederics-macbook.fritz.box","os":"Mac OS X 64bit","katalonVersion":"5.3.0.1","browser":"Chrome 64.0.3282.186","hostAddress":"192.168.188.31","sessionId":"3cd23e8bfd2ce1bc7fa6c2db861f9b3b","seleniumVersion":"3.7.1","proxyInformation":"ProxyInformation{proxyOption\u003dNO_PROXY, proxyServerType\u003dHTTP, password\u003d, proxyServerAddress\u003d, proxyServerPort\u003d0}","platform":"Mac OS X"},"type":"TEST_SUITE","name":"First_Suite","id":"Test Suites/First_Suite","source":"","message":"Test Cases/Scripting/Variable FAILED because (of) Variable \u0027url\u0027 is not defined for test case.","description":"","startTime":1519916487453,"endTime":1519916491030,"childRecords":[{"isOptional":false,"type":"TEST_CASE","name":"Test Cases/Scripting/Scripting_Browser_handling","id":"Test Cases/Scripting/Scripting_Browser_handling","source":"\\\\Users\\\\frederic_hesse\\\\Documents\\\\SwissQ\\\\Tools\\\\Katalon\\\\Tutorial\\\\Test Cases\\\\Scripting\\\\Scripting_Browser_handling.tc","message":"Test Cases/Scripting/Scripting_Browser_handling","description":"","startTime":1519916487710,"endTime":1519916490833,"childRecords":[{"testStatus":{"stackTrace":"","statusValue":"INFO"},"type":"MESSAGE","name":"","message":"Evaluating variables for test case","startTime":1519916487730,"endTime":0,"childRecords":[],"interuppted":false},{"testStatus":{"stackTrace":"","statusValue":"INFO"},"type":"MESSAGE","name":"","message":"Variable \u0027url\u0027 is set to www.google.ch as default","startTime":1519916487760,"endTime":0,"childRecords":[],"interuppted":false},{"index":1,"isIgnoredIfFailed":false,"type":"TEST_STEP","name":"Statement - println(url)","description":"","startTime":1519916487955,"endTime":1519916487959,"childRecords":[],"interuppted":false},{"index":2,"isIgnoredIfFailed":false,"type":"TEST_STEP","name":"openBrowser","message":"Browser is opened with url: \u0027google.ch\u0027","description":"","startTime":1519916487959,"endTime":1519916490831,"childRecords":[{"testStatus":{"stackTrace":"","statusValue":"PASSED"},"type":"MESSAGE","name":"","message":"Browser is opened with url: \u0027google.ch\u0027","startTime":1519916490831,"endTime":0,"childRecords":[],"interuppted":false}],"interuppted":false},{"index":3,"isIgnoredIfFailed":false,"type":"TEST_STEP","name":"Statement - println(db_connection_string)","description":"","startTime":1519916490831,"endTime":1519916490832,"childRecords":[],"interuppted":false},{"testStatus":{"stackTrace":"","statusValue":"PASSED"},"type":"MESSAGE","name":"","message":"Test Cases/Scripting/Scripting_Browser_handling","startTime":1519916490832,"endTime":0,"childRecords":[],"interuppted":false}],"interuppted":false},{"isOptional":false,"type":"TEST_CASE","name":"Test Cases/Scripting/Variable","id":"Test Cases/Scripting/Variable","source":"\\\\Users\\\\frederic_hesse\\\\Documents\\\\SwissQ\\\\Tools\\\\Katalon\\\\Tutorial\\\\Test Cases\\\\Scripting\\\\Variable.tc","message":"Test Cases/Scripting/Variable FAILED because (of) Variable \u0027url\u0027 is not defined for test case.","description":"","startTime":1519916490836,"endTime":1519916490928,"childRecords":[{"testStatus":{"stackTrace":"","statusValue":"INFO"},"type":"MESSAGE","name":"","message":"Evaluating variables for test case","startTime":1519916490843,"endTime":0,"childRecords":[],"interuppted":false},{"index":1,"isIgnoredIfFailed":false,"type":"TEST_STEP","name":"Statement - url","description":"","startTime":1519916490922,"endTime":1519916490923,"childRecords":[],"interuppted":false},{"testStatus":{"stackTrace":"","statusValue":"ERROR"},"type":"MESSAGE","name":"","message":"Test Cases/Scripting/Variable FAILED because (of) Variable \u0027url\u0027 is not defined for test case.","startTime":1519916490924,"endTime":0,"childRecords":[],"interuppted":false}],"interuppted":false}],"interuppted":false}